2022-11-27 16:04:50 [INFO ] JavaApplication1:83 - Начали работу программы
2022-11-27 16:05:08 [INFO ] JavaApplication1:94 - У вас положительный доход
2022-11-27 16:05:11 [INFO ] JavaApplication1:99 - С зарплатой все в норме
2022-11-27 16:05:12 [INFO ] JavaApplication1:47 - Запускаем обновление файла
2022-11-27 16:05:12 [INFO ] JavaApplication1:53 - Мы обновили Excel файл
2022-11-30 21:21:36 [INFO ] JavaApplication1:83 - Начали работу программы
2022-11-30 21:26:40 [INFO ] JavaApplication1:94 - У вас положительный доход
2022-11-30 21:26:44 [INFO ] JavaApplication1:99 - С зарплатой все в норме
2022-11-30 21:26:44 [INFO ] JavaApplication1:47 - Запускаем обновление файла
2022-11-30 21:26:44 [INFO ] JavaApplication1:53 - Мы обновили Excel файл
2022-11-30 21:27:05 [INFO ] JavaApplication1:83 - Начали работу программы
2022-11-30 21:27:08 [WARN ] JavaApplication1:92 - У вас убытки из-за дохода
2022-11-30 21:27:16 [ERROR] JavaApplication1:98 - Вы наврали про доходы
2022-11-30 21:27:17 [INFO ] JavaApplication1:47 - Запускаем обновление файла
2022-11-30 21:27:17 [INFO ] JavaApplication1:53 - Мы обновили Excel файл
2022-12-06 14:26:46 [INFO ] JavaApplication1:83 - Начали работу программы
2022-12-06 14:26:53 [INFO ] JavaApplication1:94 - У вас положительный доход
2022-12-06 14:26:55 [INFO ] JavaApplication1:99 - С зарплатой все в норме
2022-12-06 14:26:55 [INFO ] JavaApplication1:47 - Запускаем обновление файла
2022-12-06 14:26:55 [INFO ] JavaApplication1:53 - Мы обновили Excel файл
